{"D:\\IT_project\\wordtool\\src\\taskpane\\office-document.ts": {"path":"D:\\IT_project\\wordtool\\src\\taskpane\\office-document.ts","statementMap":{"0":{"start":{"line":3,"column":19},"end":{"line":14,"column":2}},"1":{"start":{"line":3,"column":38},"end":{"line":14,"column":2}},"2":{"start":{"line":6,"column":4},"end":{"line":10,"column":7}},"3":{"start":{"line":6,"column":33},"end":{"line":10,"column":6}},"4":{"start":{"line":7,"column":10},"end":{"line":7,"column":39}},"5":{"start":{"line":8,"column":6},"end":{"line":8,"column":58}},"6":{"start":{"line":9,"column":6},"end":{"line":9,"column":27}},"7":{"start":{"line":12,"column":4},"end":{"line":12,"column":35}},"8":{"start":{"line":16,"column":0},"end":{"line":16,"column":26}}},"fnMap":{"0":{"name":"(anonymous_13)","decl":{"start":{"line":3,"column":19},"end":{"line":3,"column":26}},"loc":{"start":{"line":3,"column":38},"end":{"line":14,"column":2}}},"1":{"name":"(anonymous_14)","decl":{"start":{"line":3,"column":38},"end":{"line":3,"column":null}},"loc":{"start":{"line":3,"column":38},"end":{"line":14,"column":2}}},"2":{"name":"(anonymous_16)","decl":{"start":{"line":6,"column":19},"end":{"line":6,"column":26}},"loc":{"start":{"line":6,"column":33},"end":{"line":10,"column":6}}},"3":{"name":"(anonymous_17)","decl":{"start":{"line":6,"column":33},"end":{"line":6,"column":null}},"loc":{"start":{"line":6,"column":33},"end":{"line":10,"column":6}}}},"branchMap":{},"s":{"0":1,"1":0,"2":0,"3":0,"4":0,"5":0,"6":0,"7":0,"8":1},"f":{"0":0,"1":0,"2":0,"3":0},"b":{}}
,"D:\\IT_project\\wordtool\\src\\taskpane\\components\\TextInsertion.tsx": {"path":"D:\\IT_project\\wordtool\\src\\taskpane\\components\\TextInsertion.tsx","statementMap":{"0":{"start":{"line":1,"column":0},"end":{"line":1,"column":31}},"1":{"start":{"line":2,"column":0},"end":{"line":2,"column":33}},"2":{"start":{"line":3,"column":0},"end":{"line":3,"column":89}},"3":{"start":{"line":4,"column":0},"end":{"line":4,"column":44}},"4":{"start":{"line":6,"column":18},"end":{"line":24,"column":2}},"5":{"start":{"line":26,"column":32},"end":{"line":51,"column":1}},"6":{"start":{"line":27,"column":26},"end":{"line":27,"column":56}},"7":{"start":{"line":27,"column":13},"end":{"line":27,"column":15}},"8":{"start":{"line":27,"column":22},"end":{"line":27,"column":26}},"9":{"start":{"line":29,"column":30},"end":{"line":32,"column":4}},"10":{"start":{"line":31,"column":4},"end":{"line":31,"column":27}},"11":{"start":{"line":34,"column":27},"end":{"line":36,"column":4}},"12":{"start":{"line":34,"column":79},"end":{"line":36,"column":4}},"13":{"start":{"line":35,"column":4},"end":{"line":35,"column":32}},"14":{"start":{"line":38,"column":17},"end":{"line":38,"column":28}},"15":{"start":{"line":40,"column":2},"end":{"line":50,"column":4}},"16":{"start":{"line":53,"column":0},"end":{"line":53,"column":29}}},"fnMap":{"0":{"name":"(anonymous_20)","decl":{"start":{"line":26,"column":32},"end":{"line":26,"column":null}},"loc":{"start":{"line":26,"column":32},"end":{"line":51,"column":1}}},"1":{"name":"(anonymous_21)","decl":{"start":{"line":29,"column":30},"end":{"line":29,"column":null}},"loc":{"start":{"line":29,"column":30},"end":{"line":32,"column":4}}},"2":{"name":"(anonymous_24)","decl":{"start":{"line":34,"column":27},"end":{"line":34,"column":34}},"loc":{"start":{"line":34,"column":79},"end":{"line":36,"column":4}}},"3":{"name":"(anonymous_25)","decl":{"start":{"line":34,"column":79},"end":{"line":34,"column":null}},"loc":{"start":{"line":34,"column":79},"end":{"line":36,"column":4}}}},"branchMap":{"0":{"loc":{"start":{"line":31,"column":4},"end":{"line":31,"column":27}},"type":"switch","locations":[{"start":{"line":31,"column":4},"end":{"line":31,"column":27}}]}},"s":{"0":1,"1":1,"2":1,"3":1,"4":1,"5":1,"6":4,"7":4,"8":4,"9":6,"10":4,"11":4,"12":1,"13":1,"14":4,"15":4,"16":1},"f":{"0":4,"1":4,"2":1,"3":1},"b":{"0":[2]}}
}
