TN:
SF:src\taskpane\office-document.ts
FN:3,(anonymous_13)
FN:3,(anonymous_14)
FN:6,(anonymous_16)
FN:6,(anonymous_17)
FNF:4
FNH:0
FNDA:0,(anonymous_13)
FNDA:0,(anonymous_14)
FNDA:0,(anonymous_16)
FNDA:0,(anonymous_17)
DA:3,1
DA:6,0
DA:7,0
DA:8,0
DA:9,0
DA:12,0
DA:16,1
LF:7
LH:2
BRF:0
BRH:0
end_of_record
TN:
SF:src\taskpane\components\TextInsertion.tsx
FN:26,(anonymous_20)
FN:29,(anonymous_21)
FN:34,(anonymous_24)
FN:34,(anonymous_25)
FNF:4
FNH:4
FNDA:4,(anonymous_20)
FNDA:4,(anonymous_21)
FNDA:1,(anonymous_24)
FNDA:1,(anonymous_25)
DA:1,1
DA:2,1
DA:3,1
DA:4,1
DA:6,1
DA:26,1
DA:27,4
DA:29,6
DA:31,4
DA:34,4
DA:35,1
DA:38,4
DA:40,4
DA:53,1
LF:14
LH:14
BRDA:31,0,0,2
BRF:1
BRH:1
end_of_record
